<?xml version="1.0" encoding="UTF-8"?>
<!-- Generated by org.testng.reporters.JUnitReportReporter -->
<testsuite hostname="Manjunath-PC" name="Pom.HomePage" tests="1" failures="0" timestamp="18 Oct 2018 10:09:00 GMT" time="13.381" errors="0">
  <testcase name="basePageNavigation" time="13.381" classname="Pom.HomePage"/>
</testsuite> <!-- Pom.HomePage -->
